<?xml version="1.0" encoding="UTF-8"?>
<testng-results ignored="0" total="1" passed="1" failed="0" skipped="0">
  <reporter-output>
  </reporter-output>
  <suite started-at="2024-01-23T17:21:17 IST" name="Default suite" finished-at="2024-01-23T17:22:03 IST" duration-ms="46703">
    <groups>
    </groups>
    <test started-at="2024-01-23T17:21:17 IST" name="Default test" finished-at="2024-01-23T17:22:03 IST" duration-ms="46703">
      <class name="Mobileapp.orange">
        <test-method is-config="true" signature="setup()[pri:0, instance:Mobileapp.orange@1649b0e6]" started-at="2024-01-23T17:21:17 IST" name="setup" finished-at="2024-01-23T17:21:44 IST" duration-ms="26951" status="PASS">
          <reporter-output>
          </reporter-output>
        </test-method> <!-- setup -->
        <test-method signature="verifyLoginFeature()[pri:0, instance:Mobileapp.orange@1649b0e6]" started-at="2024-01-23T17:21:44 IST" name="verifyLoginFeature" finished-at="2024-01-23T17:21:53 IST" duration-ms="9167" status="PASS">
          <reporter-output>
          </reporter-output>
        </test-method> <!-- verifyLoginFeature -->
        <test-method is-config="true" signature="teardown()[pri:0, instance:Mobileapp.orange@1649b0e6]" started-at="2024-01-23T17:21:53 IST" name="teardown" finished-at="2024-01-23T17:22:03 IST" duration-ms="10560" status="PASS">
          <reporter-output>
          </reporter-output>
        </test-method> <!-- teardown -->
      </class> <!-- Mobileapp.orange -->
    </test> <!-- Default test -->
  </suite> <!-- Default suite -->
</testng-results>
