<?xml version="1.0" encoding="UTF-8"?>
<testng-results ignored="0" total="1" passed="1" failed="0" skipped="0">
  <reporter-output>
  </reporter-output>
  <suite started-at="2024-01-23T12:11:21 IST" name="Suite" finished-at="2024-01-23T12:11:45 IST" duration-ms="24421">
    <groups>
    </groups>
    <test started-at="2024-01-23T12:11:21 IST" name="Test" finished-at="2024-01-23T12:11:45 IST" duration-ms="24421">
      <class name="LauchingApps.saucedemo">
        <test-method signature="setup()[pri:0, instance:LauchingApps.saucedemo@11fc564b]" started-at="2024-01-23T12:11:21 IST" name="setup" finished-at="2024-01-23T12:11:45 IST" duration-ms="24383" status="PASS">
          <reporter-output>
          </reporter-output>
        </test-method> <!-- setup -->
      </class> <!-- LauchingApps.saucedemo -->
    </test> <!-- Test -->
  </suite> <!-- Suite -->
</testng-results>
