<?xml version="1.0" encoding="UTF-8"?>
<!-- Generated by org.testng.reporters.JUnitXMLReporter -->
<testsuite ignored="0" hostname="DESKTOP-5QPL10C" failures="0" tests="1" name="Test" time="0.453" errors="0" timestamp="2024-01-20T11:36:49 IST">
  <testcase classname="Mobileapp.OS2" name="@BeforeTest setup" time="-1.705730809154E9">
    <failure type="org.testng.TestNGException" message="
Parameter &amp;apos;neeraj_device&amp;apos; is required by BeforeTest on method setup but has not been marked @Optional or defined
in C:\Users\Admin\Downloads\com.genpact.appium\com.genpact.appium\testngOS.xml">
      <![CDATA[org.testng.TestNGException: 
Parameter 'neeraj_device' is required by BeforeTest on method setup but has not been marked @Optional or defined
in C:\Users\Admin\Downloads\com.genpact.appium\com.genpact.appium\testngOS.xml
... Removed 24 stack frames]]>
    </failure>
  </testcase> <!-- @BeforeTest setup -->
  <testcase classname="Mobileapp.OS2" name="verifyAPIDEMOTest" time="0.0">
    <skipped/>
  </testcase> <!-- verifyAPIDEMOTest -->
</testsuite> <!-- Test -->
